---------- Date: 2014-07-01 11:59:23 ~ IP : 82.117.238.112 ----------
REQUEST URI : /156/d_themeless/index.php?route=product/product&amp;product_id=40
MOD DETAILS:
   modFile   : /var/www/user/data/www/pshin.dreamvention.com/156/d_themeless/vqmod/xml/a_vqmod_d_mega_menu.xml
   id        : MEGA MENU BY DREAMVENTION
   version   : 1.5.x
   vqmver    : 2.2.1
   author    : dreamvention.com
VQModObject::parseMods - Could not resolve path for [admin/language/russian/russian.php] (SKIPPED)

MOD DETAILS:
   modFile   : /var/www/user/data/www/pshin.dreamvention.com/156/d_themeless/vqmod/xml/vqmod_extra_positions.xml
   id        : EXTRA POSITIONS BY DREAMVENTION.COM
   version   : 1.3.10 for 1.5.1x-4x
   vqmver    : 2.1.6
   author    : Dreamvention
VQModObject::parseMods - Could not resolve path for [admin/language/russian/russian.php] (SKIPPED)

----------------------------------------------------------------------


---------- Date: 2014-07-01 12:13:58 ~ IP : 82.117.238.112 ----------
REQUEST URI : /156/d_themeless/index.php?route=product/category&amp;path=20_27
MOD DETAILS:
   modFile   : /var/www/user/data/www/pshin.dreamvention.com/156/d_themeless/vqmod/xml/a_vqmod_d_mega_menu.xml
   id        : MEGA MENU BY DREAMVENTION
   version   : 1.5.x
   vqmver    : 2.2.1
   author    : dreamvention.com
VQModObject::parseMods - Could not resolve path for [admin/language/russian/russian.php] (SKIPPED)

MOD DETAILS:
   modFile   : /var/www/user/data/www/pshin.dreamvention.com/156/d_themeless/vqmod/xml/vqmod_extra_positions.xml
   id        : EXTRA POSITIONS BY DREAMVENTION.COM
   version   : 1.3.10 for 1.5.1x-4x
   vqmver    : 2.1.6
   author    : Dreamvention
VQModObject::parseMods - Could not resolve path for [admin/language/russian/russian.php] (SKIPPED)

----------------------------------------------------------------------


---------- Date: 2014-07-01 12:15:44 ~ IP : 82.117.238.112 ----------
REQUEST URI : /156/d_themeless/index.php?route=product/product&amp;path=20_27&amp;product_id=42
MOD DETAILS:
   modFile   : /var/www/user/data/www/pshin.dreamvention.com/156/d_themeless/vqmod/xml/a_vqmod_d_mega_menu.xml
   id        : MEGA MENU BY DREAMVENTION
   version   : 1.5.x
   vqmver    : 2.2.1
   author    : dreamvention.com
VQModObject::parseMods - Could not resolve path for [admin/language/russian/russian.php] (SKIPPED)

MOD DETAILS:
   modFile   : /var/www/user/data/www/pshin.dreamvention.com/156/d_themeless/vqmod/xml/vqmod_extra_positions.xml
   id        : EXTRA POSITIONS BY DREAMVENTION.COM
   version   : 1.3.10 for 1.5.1x-4x
   vqmver    : 2.1.6
   author    : Dreamvention
VQModObject::parseMods - Could not resolve path for [admin/language/russian/russian.php] (SKIPPED)

----------------------------------------------------------------------


---------- Date: 2014-07-01 12:17:05 ~ IP : 82.117.238.112 ----------
REQUEST URI : /156/d_themeless/index.php?route=product/product&amp;path=20_27&amp;product_id=42
MOD DETAILS:
   modFile   : /var/www/user/data/www/pshin.dreamvention.com/156/d_themeless/vqmod/xml/a_vqmod_d_mega_menu.xml
   id        : MEGA MENU BY DREAMVENTION
   version   : 1.5.x
   vqmver    : 2.2.1
   author    : dreamvention.com
VQModObject::parseMods - Could not resolve path for [admin/language/russian/russian.php] (SKIPPED)

MOD DETAILS:
   modFile   : /var/www/user/data/www/pshin.dreamvention.com/156/d_themeless/vqmod/xml/vqmod_extra_positions.xml
   id        : EXTRA POSITIONS BY DREAMVENTION.COM
   version   : 1.3.10 for 1.5.1x-4x
   vqmver    : 2.1.6
   author    : Dreamvention
VQModObject::parseMods - Could not resolve path for [admin/language/russian/russian.php] (SKIPPED)

----------------------------------------------------------------------


---------- Date: 2014-07-01 12:36:27 ~ IP : 82.117.238.112 ----------
REQUEST URI : /156/d_themeless/index.php?route=account/register
MOD DETAILS:
   modFile   : /var/www/user/data/www/pshin.dreamvention.com/156/d_themeless/vqmod/xml/a_vqmod_d_mega_menu.xml
   id        : MEGA MENU BY DREAMVENTION
   version   : 1.5.x
   vqmver    : 2.2.1
   author    : dreamvention.com
VQModObject::parseMods - Could not resolve path for [admin/language/russian/russian.php] (SKIPPED)

MOD DETAILS:
   modFile   : /var/www/user/data/www/pshin.dreamvention.com/156/d_themeless/vqmod/xml/vqmod_extra_positions.xml
   id        : EXTRA POSITIONS BY DREAMVENTION.COM
   version   : 1.3.10 for 1.5.1x-4x
   vqmver    : 2.1.6
   author    : Dreamvention
VQModObject::parseMods - Could not resolve path for [admin/language/russian/russian.php] (SKIPPED)

----------------------------------------------------------------------


---------- Date: 2014-07-01 12:42:42 ~ IP : 82.117.238.112 ----------
REQUEST URI : /156/d_themeless/index.php?route=product/compare
MOD DETAILS:
   modFile   : /var/www/user/data/www/pshin.dreamvention.com/156/d_themeless/vqmod/xml/a_vqmod_d_mega_menu.xml
   id        : MEGA MENU BY DREAMVENTION
   version   : 1.5.x
   vqmver    : 2.2.1
   author    : dreamvention.com
VQModObject::parseMods - Could not resolve path for [admin/language/russian/russian.php] (SKIPPED)

MOD DETAILS:
   modFile   : /var/www/user/data/www/pshin.dreamvention.com/156/d_themeless/vqmod/xml/vqmod_extra_positions.xml
   id        : EXTRA POSITIONS BY DREAMVENTION.COM
   version   : 1.3.10 for 1.5.1x-4x
   vqmver    : 2.1.6
   author    : Dreamvention
VQModObject::parseMods - Could not resolve path for [admin/language/russian/russian.php] (SKIPPED)

----------------------------------------------------------------------


---------- Date: 2014-07-01 13:39:07 ~ IP : 82.117.238.112 ----------
REQUEST URI : /156/d_themeless/
MOD DETAILS:
   modFile   : /var/www/user/data/www/pshin.dreamvention.com/156/d_themeless/vqmod/xml/a_vqmod_d_mega_menu.xml
   id        : MEGA MENU BY DREAMVENTION
   version   : 1.5.x
   vqmver    : 2.2.1
   author    : dreamvention.com
VQModObject::parseMods - Could not resolve path for [admin/language/russian/russian.php] (SKIPPED)

MOD DETAILS:
   modFile   : /var/www/user/data/www/pshin.dreamvention.com/156/d_themeless/vqmod/xml/vqmod_extra_positions.xml
   id        : EXTRA POSITIONS BY DREAMVENTION.COM
   version   : 1.3.10 for 1.5.1x-4x
   vqmver    : 2.1.6
   author    : Dreamvention
VQModObject::parseMods - Could not resolve path for [admin/language/russian/russian.php] (SKIPPED)

----------------------------------------------------------------------


---------- Date: 2014-07-01 13:47:59 ~ IP : 82.117.238.112 ----------
REQUEST URI : /156/d_themeless/
MOD DETAILS:
   modFile   : /var/www/user/data/www/pshin.dreamvention.com/156/d_themeless/vqmod/xml/a_vqmod_d_mega_menu.xml
   id        : MEGA MENU BY DREAMVENTION
   version   : 1.5.x
   vqmver    : 2.2.1
   author    : dreamvention.com
VQModObject::parseMods - Could not resolve path for [admin/language/russian/russian.php] (SKIPPED)

MOD DETAILS:
   modFile   : /var/www/user/data/www/pshin.dreamvention.com/156/d_themeless/vqmod/xml/vqmod_extra_positions.xml
   id        : EXTRA POSITIONS BY DREAMVENTION.COM
   version   : 1.3.10 for 1.5.1x-4x
   vqmver    : 2.1.6
   author    : Dreamvention
VQModObject::parseMods - Could not resolve path for [admin/language/russian/russian.php] (SKIPPED)

----------------------------------------------------------------------


---------- Date: 2014-07-01 14:57:58 ~ IP : 82.117.238.112 ----------
REQUEST URI : /156/d_themeless/admin/index.php?route=module/mbooth&amp;token=18dfa77746f6563abaea149b23b70483
MOD DETAILS:
   modFile   : /var/www/user/data/www/pshin.dreamvention.com/156/d_themeless/vqmod/xml/a_vqmod_d_mega_menu.xml
   id        : MEGA MENU BY DREAMVENTION
   version   : 1.5.x
   vqmver    : 2.2.1
   author    : dreamvention.com

File Name    : admin/controller/module/*.php(0)
VQModObject::applyMod - SEARCH NOT FOUND (ABORTING MOD): $this->data['layouts'] = $this->model_design_layout->getLayouts();

----------------------------------------------------------------------


---------- Date: 2014-07-01 14:58:02 ~ IP : 82.117.238.112 ----------
REQUEST URI : /156/d_themeless/admin/index.php?route=module/mbooth/download&amp;token=18dfa77746f6563abaea149b23b70483&amp;mbooth=mbooth_themeless.xml
MOD DETAILS:
   modFile   : /var/www/user/data/www/pshin.dreamvention.com/156/d_themeless/vqmod/xml/a_vqmod_d_mega_menu.xml
   id        : MEGA MENU BY DREAMVENTION
   version   : 1.5.x
   vqmver    : 2.2.1
   author    : dreamvention.com

File Name    : admin/controller/module/*.php(0)
VQModObject::applyMod - SEARCH NOT FOUND (ABORTING MOD): $this->data['layouts'] = $this->model_design_layout->getLayouts();

----------------------------------------------------------------------


---------- Date: 2014-07-01 14:58:59 ~ IP : 82.117.238.112 ----------
REQUEST URI : /156/d_themeless/
MOD DETAILS:
   modFile   : /var/www/user/data/www/pshin.dreamvention.com/156/d_themeless/vqmod/xml/a_vqmod_d_mega_menu.xml
   id        : MEGA MENU BY DREAMVENTION
   version   : 1.5.x
   vqmver    : 2.2.1
   author    : dreamvention.com
VQModObject::parseMods - Could not resolve path for [admin/language/russian/russian.php] (SKIPPED)

MOD DETAILS:
   modFile   : /var/www/user/data/www/pshin.dreamvention.com/156/d_themeless/vqmod/xml/vqmod_extra_positions.xml
   id        : EXTRA POSITIONS BY DREAMVENTION.COM
   version   : 1.3.10 for 1.5.1x-4x
   vqmver    : 2.1.6
   author    : Dreamvention
VQModObject::parseMods - Could not resolve path for [admin/language/russian/russian.php] (SKIPPED)

----------------------------------------------------------------------


---------- Date: 2014-07-01 17:03:13 ~ IP : 82.117.238.112 ----------
REQUEST URI : /156/d_themeless/admin/index.php?route=module/mbooth&amp;token=18dfa77746f6563abaea149b23b70483
MOD DETAILS:
   modFile   : /var/www/user/data/www/pshin.dreamvention.com/156/d_themeless/vqmod/xml/a_vqmod_d_mega_menu.xml
   id        : MEGA MENU BY DREAMVENTION
   version   : 1.5.x
   vqmver    : 2.2.1
   author    : dreamvention.com

File Name    : admin/controller/module/*.php(0)
VQModObject::applyMod - SEARCH NOT FOUND (ABORTING MOD): $this->data['layouts'] = $this->model_design_layout->getLayouts();

----------------------------------------------------------------------


---------- Date: 2014-07-01 17:03:16 ~ IP : 82.117.238.112 ----------
REQUEST URI : /156/d_themeless/admin/index.php?route=module/mbooth/download&amp;token=18dfa77746f6563abaea149b23b70483&amp;mbooth=mbooth_themeless.xml
MOD DETAILS:
   modFile   : /var/www/user/data/www/pshin.dreamvention.com/156/d_themeless/vqmod/xml/a_vqmod_d_mega_menu.xml
   id        : MEGA MENU BY DREAMVENTION
   version   : 1.5.x
   vqmver    : 2.2.1
   author    : dreamvention.com

File Name    : admin/controller/module/*.php(0)
VQModObject::applyMod - SEARCH NOT FOUND (ABORTING MOD): $this->data['layouts'] = $this->model_design_layout->getLayouts();

----------------------------------------------------------------------


