---------- Date: 2014-07-30 12:11:59 ~ IP : 82.117.238.112 ----------
REQUEST URI : /156/d_themeless/index.php?route=checkout/cart
MOD DETAILS:
   modFile   : /var/www/user/data/www/pshin.dreamvention.com/156/d_themeless/vqmod/xml/a_vqmod_d_mega_menu.xml
   id        : MEGA MENU BY DREAMVENTION
   version   : 1.5.x
   vqmver    : 2.2.1
   author    : dreamvention.com
VQModObject::parseMods - Could not resolve path for [admin/language/russian/russian.php] (SKIPPED)

MOD DETAILS:
   modFile   : /var/www/user/data/www/pshin.dreamvention.com/156/d_themeless/vqmod/xml/vqmod_extra_positions.xml
   id        : EXTRA POSITIONS BY DREAMVENTION.COM
   version   : 1.3.10 for 1.5.1x-4x
   vqmver    : 2.1.6
   author    : Dreamvention
VQModObject::parseMods - Could not resolve path for [admin/language/russian/russian.php] (SKIPPED)

----------------------------------------------------------------------


---------- Date: 2014-07-30 12:28:06 ~ IP : 82.117.238.112 ----------
REQUEST URI : /156/d_themeless/index.php?route=checkout/checkout
MOD DETAILS:
   modFile   : /var/www/user/data/www/pshin.dreamvention.com/156/d_themeless/vqmod/xml/a_vqmod_d_mega_menu.xml
   id        : MEGA MENU BY DREAMVENTION
   version   : 1.5.x
   vqmver    : 2.2.1
   author    : dreamvention.com
VQModObject::parseMods - Could not resolve path for [admin/language/russian/russian.php] (SKIPPED)

MOD DETAILS:
   modFile   : /var/www/user/data/www/pshin.dreamvention.com/156/d_themeless/vqmod/xml/vqmod_extra_positions.xml
   id        : EXTRA POSITIONS BY DREAMVENTION.COM
   version   : 1.3.10 for 1.5.1x-4x
   vqmver    : 2.1.6
   author    : Dreamvention
VQModObject::parseMods - Could not resolve path for [admin/language/russian/russian.php] (SKIPPED)

----------------------------------------------------------------------


---------- Date: 2014-07-30 12:28:19 ~ IP : 82.117.238.112 ----------
REQUEST URI : /156/d_themeless/index.php?route=checkout/checkout
MOD DETAILS:
   modFile   : /var/www/user/data/www/pshin.dreamvention.com/156/d_themeless/vqmod/xml/a_vqmod_d_mega_menu.xml
   id        : MEGA MENU BY DREAMVENTION
   version   : 1.5.x
   vqmver    : 2.2.1
   author    : dreamvention.com
VQModObject::parseMods - Could not resolve path for [admin/language/russian/russian.php] (SKIPPED)

MOD DETAILS:
   modFile   : /var/www/user/data/www/pshin.dreamvention.com/156/d_themeless/vqmod/xml/vqmod_extra_positions.xml
   id        : EXTRA POSITIONS BY DREAMVENTION.COM
   version   : 1.3.10 for 1.5.1x-4x
   vqmver    : 2.1.6
   author    : Dreamvention
VQModObject::parseMods - Could not resolve path for [admin/language/russian/russian.php] (SKIPPED)

----------------------------------------------------------------------


---------- Date: 2014-07-30 12:29:54 ~ IP : 82.117.238.112 ----------
REQUEST URI : /156/d_themeless/index.php?route=checkout/checkout
MOD DETAILS:
   modFile   : /var/www/user/data/www/pshin.dreamvention.com/156/d_themeless/vqmod/xml/a_vqmod_d_mega_menu.xml
   id        : MEGA MENU BY DREAMVENTION
   version   : 1.5.x
   vqmver    : 2.2.1
   author    : dreamvention.com
VQModObject::parseMods - Could not resolve path for [admin/language/russian/russian.php] (SKIPPED)

MOD DETAILS:
   modFile   : /var/www/user/data/www/pshin.dreamvention.com/156/d_themeless/vqmod/xml/vqmod_extra_positions.xml
   id        : EXTRA POSITIONS BY DREAMVENTION.COM
   version   : 1.3.10 for 1.5.1x-4x
   vqmver    : 2.1.6
   author    : Dreamvention
VQModObject::parseMods - Could not resolve path for [admin/language/russian/russian.php] (SKIPPED)

----------------------------------------------------------------------


---------- Date: 2014-07-30 12:30:28 ~ IP : 82.117.238.112 ----------
REQUEST URI : /156/d_themeless/index.php?route=checkout/checkout
MOD DETAILS:
   modFile   : /var/www/user/data/www/pshin.dreamvention.com/156/d_themeless/vqmod/xml/a_vqmod_d_mega_menu.xml
   id        : MEGA MENU BY DREAMVENTION
   version   : 1.5.x
   vqmver    : 2.2.1
   author    : dreamvention.com
VQModObject::parseMods - Could not resolve path for [admin/language/russian/russian.php] (SKIPPED)

MOD DETAILS:
   modFile   : /var/www/user/data/www/pshin.dreamvention.com/156/d_themeless/vqmod/xml/vqmod_extra_positions.xml
   id        : EXTRA POSITIONS BY DREAMVENTION.COM
   version   : 1.3.10 for 1.5.1x-4x
   vqmver    : 2.1.6
   author    : Dreamvention
VQModObject::parseMods - Could not resolve path for [admin/language/russian/russian.php] (SKIPPED)

----------------------------------------------------------------------


---------- Date: 2014-07-30 13:30:05 ~ IP : 82.117.238.112 ----------
REQUEST URI : /156/d_themeless/index.php?route=product/product&amp;path=20_27&amp;product_id=42
MOD DETAILS:
   modFile   : /var/www/user/data/www/pshin.dreamvention.com/156/d_themeless/vqmod/xml/a_vqmod_d_mega_menu.xml
   id        : MEGA MENU BY DREAMVENTION
   version   : 1.5.x
   vqmver    : 2.2.1
   author    : dreamvention.com
VQModObject::parseMods - Could not resolve path for [admin/language/russian/russian.php] (SKIPPED)

MOD DETAILS:
   modFile   : /var/www/user/data/www/pshin.dreamvention.com/156/d_themeless/vqmod/xml/vqmod_extra_positions.xml
   id        : EXTRA POSITIONS BY DREAMVENTION.COM
   version   : 1.3.10 for 1.5.1x-4x
   vqmver    : 2.1.6
   author    : Dreamvention
VQModObject::parseMods - Could not resolve path for [admin/language/russian/russian.php] (SKIPPED)

----------------------------------------------------------------------


