---------- Date: 2014-07-17 09:28:13 ~ IP : 82.117.238.112 ----------
REQUEST URI : /156/d_themeless/admin/index.php?route=module/mbooth/download&amp;mbooth=mbooth_themeless.xml&amp;token=473804c5cccb00e5af8cfbbc6a1529ba
MOD DETAILS:
   modFile   : /var/www/user/data/www/pshin.dreamvention.com/156/d_themeless/vqmod/xml/a_vqmod_d_mega_menu.xml
   id        : MEGA MENU BY DREAMVENTION
   version   : 1.5.x
   vqmver    : 2.2.1
   author    : dreamvention.com

File Name    : admin/controller/module/*.php(0)
VQModObject::applyMod - SEARCH NOT FOUND (ABORTING MOD): $this->data['layouts'] = $this->model_design_layout->getLayouts();

----------------------------------------------------------------------


---------- Date: 2014-07-17 10:14:51 ~ IP : 82.117.238.112 ----------
REQUEST URI : /156/d_themeless/admin/index.php?route=module/mbooth/download&amp;mbooth=mbooth_themeless.xml&amp;token=a6caf985ce7fe7b360c4a6b9cd2d0f5a
MOD DETAILS:
   modFile   : /var/www/user/data/www/pshin.dreamvention.com/156/d_themeless/vqmod/xml/a_vqmod_d_mega_menu.xml
   id        : MEGA MENU BY DREAMVENTION
   version   : 1.5.x
   vqmver    : 2.2.1
   author    : dreamvention.com

File Name    : admin/controller/module/*.php(0)
VQModObject::applyMod - SEARCH NOT FOUND (ABORTING MOD): $this->data['layouts'] = $this->model_design_layout->getLayouts();

----------------------------------------------------------------------


